have_macro: checking for SIZEOF_OFF_T in ruby.h... -------------------- yes

"gcc -o conftest -I/usr/include/x86_64-linux-gnu/ruby-2.1.0 -I/usr/include/ruby-2.1.0/ruby/backward -I/usr/include/ruby-2.1.0 -I. -D_FORTIFY_SOURCE=2   -g -O2 -fstack-protector --param=ssp-buffer-size=4 -Wformat -Werror=format-security -fPIC conftest.c  -L. -L/usr/lib/x86_64-linux-gnu -L. -Wl,-Bsymbolic-functions -Wl,-z,relro -L/build/ruby2.1-fKK9NI/ruby2.1-2.1.7/debian/lib -fstack-protector -rdynamic -Wl,-export-dynamic     -lruby-2.1  -lpthread -lgmp -ldl -lcrypt -lm   -lc"
checked program was:
/* begin */
1: #include "ruby.h"
2: 
3: int main(int argc, char **argv)
4: {
5:   return 0;
6: }
/* end */

"gcc -I/usr/include/x86_64-linux-gnu/ruby-2.1.0 -I/usr/include/ruby-2.1.0/ruby/backward -I/usr/include/ruby-2.1.0 -I. -D_FORTIFY_SOURCE=2   -g -O2 -fstack-protector --param=ssp-buffer-size=4 -Wformat -Werror=format-security -fPIC   -c conftest.c"
checked program was:
/* begin */
1: #include "ruby.h"
2: 
3: #include <ruby.h>
4: /*top*/
5: #ifndef SIZEOF_OFF_T
6: # error
7: |:/ === SIZEOF_OFF_T undefined === /:|
8: #endif
/* end */

--------------------

have_macro: checking for SIZEOF_SIZE_T in ruby.h... -------------------- yes

"gcc -I/usr/include/x86_64-linux-gnu/ruby-2.1.0 -I/usr/include/ruby-2.1.0/ruby/backward -I/usr/include/ruby-2.1.0 -I. -D_FORTIFY_SOURCE=2   -g -O2 -fstack-protector --param=ssp-buffer-size=4 -Wformat -Werror=format-security -fPIC   -c conftest.c"
checked program was:
/* begin */
1: #include "ruby.h"
2: 
3: #include <ruby.h>
4: /*top*/
5: #ifndef SIZEOF_SIZE_T
6: # error
7: |:/ === SIZEOF_SIZE_T undefined === /:|
8: #endif
/* end */

--------------------

have_macro: checking for SIZEOF_LONG in ruby.h... -------------------- yes

"gcc -I/usr/include/x86_64-linux-gnu/ruby-2.1.0 -I/usr/include/ruby-2.1.0/ruby/backward -I/usr/include/ruby-2.1.0 -I. -D_FORTIFY_SOURCE=2   -g -O2 -fstack-protector --param=ssp-buffer-size=4 -Wformat -Werror=format-security -fPIC   -c conftest.c"
checked program was:
/* begin */
1: #include "ruby.h"
2: 
3: #include <ruby.h>
4: /*top*/
5: #ifndef SIZEOF_LONG
6: # error
7: |:/ === SIZEOF_LONG undefined === /:|
8: #endif
/* end */

--------------------

have_func: checking for rb_str_set_len() in ruby.h... -------------------- yes

"gcc -o conftest -I/usr/include/x86_64-linux-gnu/ruby-2.1.0 -I/usr/include/ruby-2.1.0/ruby/backward -I/usr/include/ruby-2.1.0 -I. -D_FORTIFY_SOURCE=2   -g -O2 -fstack-protector --param=ssp-buffer-size=4 -Wformat -Werror=format-security -fPIC conftest.c  -L. -L/usr/lib/x86_64-linux-gnu -L. -Wl,-Bsymbolic-functions -Wl,-z,relro -L/build/ruby2.1-fKK9NI/ruby2.1-2.1.7/debian/lib -fstack-protector -rdynamic -Wl,-export-dynamic     -lruby-2.1  -lpthread -lgmp -ldl -lcrypt -lm   -lc"
checked program was:
/* begin */
 1: #include "ruby.h"
 2: 
 3: #include <ruby.h>
 4: 
 5: /*top*/
 6: extern int t(void);
 7: int main(int argc, char **argv)
 8: {
 9:   if (argc > 1000000) {
10:     printf("%p", &t);
11:   }
12: 
13:   return 0;
14: }
15: int t(void) { void ((*volatile p)()); p = (void ((*)()))rb_str_set_len; return 0; }
/* end */

--------------------

have_func: checking for gmtime_r() in time.h... -------------------- yes

"gcc -o conftest -I/usr/include/x86_64-linux-gnu/ruby-2.1.0 -I/usr/include/ruby-2.1.0/ruby/backward -I/usr/include/ruby-2.1.0 -I. -D_FORTIFY_SOURCE=2   -g -O2 -fstack-protector --param=ssp-buffer-size=4 -Wformat -Werror=format-security -fPIC conftest.c  -L. -L/usr/lib/x86_64-linux-gnu -L. -Wl,-Bsymbolic-functions -Wl,-z,relro -L/build/ruby2.1-fKK9NI/ruby2.1-2.1.7/debian/lib -fstack-protector -rdynamic -Wl,-export-dynamic     -lruby-2.1  -lpthread -lgmp -ldl -lcrypt -lm   -lc"
checked program was:
/* begin */
 1: #include "ruby.h"
 2: 
 3: #include <time.h>
 4: 
 5: /*top*/
 6: extern int t(void);
 7: int main(int argc, char **argv)
 8: {
 9:   if (argc > 1000000) {
10:     printf("%p", &t);
11:   }
12: 
13:   return 0;
14: }
15: int t(void) { void ((*volatile p)()); p = (void ((*)()))gmtime_r; return 0; }
/* end */

--------------------

